<?xml version="1.0" encoding="UTF-8"?>
<testng-results skipped="3" failed="0" total="3" passed="0">
  <reporter-output>
  </reporter-output>
  <suite name="Default suite" duration-ms="125" started-at="2022-05-02T16:05:13Z" finished-at="2022-05-02T16:05:13Z">
    <groups>
    </groups>
    <test name="Default test" duration-ms="125" started-at="2022-05-02T16:05:13Z" finished-at="2022-05-02T16:05:13Z">
      <class name="extent.ExtendsReport">
        <test-method status="FAIL" signature="launchBrowser()[pri:0, instance:extent.ExtendsReport@21bcffb5]" name="launchBrowser" is-config="true" duration-ms="0" started-at="2022-05-02T21:35:11Z" finished-at="2022-05-02T21:35:11Z">
          <exception class="java.lang.IllegalStateException">
            <message>
              <![CDATA[The driver executable must exist: E:\java files\DataDrivenFrameWrok\Driver\chromedriver.exe]]>
            </message>
            <full-stacktrace>
              <![CDATA[java.lang.IllegalStateException: The driver executable must exist: E:\java files\DataDrivenFrameWrok\Driver\chromedriver.exe
	at org.openqa.selenium.internal.Require$FileStateChecker.isFile(Require.java:342)
	at org.openqa.selenium.remote.service.DriverService.checkExecutable(DriverService.java:147)
	at org.openqa.selenium.remote.service.DriverService.findExecutable(DriverService.java:142)
	at org.openqa.selenium.chrome.ChromeDriverService.access$000(ChromeDriverService.java:38)
	at org.openqa.selenium.chrome.ChromeDriverService$Builder.findDefaultExecutable(ChromeDriverService.java:231)
	at org.openqa.selenium.remote.service.DriverService$Builder.build(DriverService.java:437)
	at org.openqa.selenium.chrome.ChromeDriverService.createDefaultService(ChromeDriverService.java:127)
	at org.openqa.selenium.chrome.ChromeDriver.<init>(ChromeDriver.java:48)
	at extent.ExtendsReport.launchBrowser(ExtendsReport.java:89)
	at sun.reflect.NativeMethodAccessorImpl.invoke0(Native Method)
	at sun.reflect.NativeMethodAccessorImpl.invoke(Unknown Source)
	at sun.reflect.DelegatingMethodAccessorImpl.invoke(Unknown Source)
	at java.lang.reflect.Method.invoke(Unknown Source)
	at org.testng.internal.MethodInvocationHelper.invokeMethod(MethodInvocationHelper.java:86)
	at org.testng.internal.Invoker.invokeConfigurationMethod(Invoker.java:514)
	at org.testng.internal.Invoker.invokeConfigurations(Invoker.java:215)
	at org.testng.internal.Invoker.invokeConfigurations(Invoker.java:142)
	at org.testng.SuiteRunner.privateRun(SuiteRunner.java:305)
	at org.testng.SuiteRunner.run(SuiteRunner.java:268)
	at org.testng.SuiteRunnerWorker.runSuite(SuiteRunnerWorker.java:52)
	at org.testng.SuiteRunnerWorker.run(SuiteRunnerWorker.java:86)
	at org.testng.TestNG.runSuitesSequentially(TestNG.java:1244)
	at org.testng.TestNG.runSuitesLocally(TestNG.java:1169)
	at org.testng.TestNG.run(TestNG.java:1064)
	at org.testng.remote.RemoteTestNG.run(RemoteTestNG.java:113)
	at org.testng.remote.RemoteTestNG.initAndRun(RemoteTestNG.java:206)
	at org.testng.remote.RemoteTestNG.main(RemoteTestNG.java:177)
]]>
            </full-stacktrace>
          </exception> <!-- java.lang.IllegalStateException -->
          <reporter-output>
          </reporter-output>
        </test-method> <!-- launchBrowser -->
        <test-method status="SKIP" signature="openFacebook()[pri:0, instance:extent.ExtendsReport@21bcffb5]" name="openFacebook" duration-ms="0" started-at="2022-05-02T21:35:13Z" finished-at="2022-05-02T21:35:13Z">
          <reporter-output>
          </reporter-output>
        </test-method> <!-- openFacebook -->
        <test-method status="SKIP" signature="openGoogle()[pri:0, instance:extent.ExtendsReport@21bcffb5]" name="openGoogle" duration-ms="0" started-at="2022-05-02T21:35:13Z" finished-at="2022-05-02T21:35:13Z">
          <reporter-output>
          </reporter-output>
        </test-method> <!-- openGoogle -->
        <test-method status="SKIP" signature="openWiki()[pri:0, instance:extent.ExtendsReport@21bcffb5]" name="openWiki" duration-ms="1" started-at="2022-05-02T21:35:13Z" finished-at="2022-05-02T21:35:13Z">
          <reporter-output>
          </reporter-output>
        </test-method> <!-- openWiki -->
        <test-method status="SKIP" signature="close()[pri:0, instance:extent.ExtendsReport@21bcffb5]" name="close" is-config="true" duration-ms="0" started-at="2022-05-02T21:35:13Z" finished-at="2022-05-02T21:35:13Z">
          <reporter-output>
          </reporter-output>
        </test-method> <!-- close -->
      </class> <!-- extent.ExtendsReport -->
    </test> <!-- Default test -->
  </suite> <!-- Default suite -->
</testng-results>
